CRITICAL - 2023-09-27 01:41:33 --> Undefined variable $playlist
in APPPATH\Views\view.php on line 101.
 1 APPPATH\Views\view.php(101): CodeIgniter\Debug\Exceptions->errorHandler(2, 'Undefined variable $playlist', 'C:\\laragon\\www\\music\\app\\Views\\view.php', 101)
 2 SYSTEMPATH\View\View.php(226): include('C:\\laragon\\www\\music\\app\\Views\\view.php')
 3 SYSTEMPATH\View\View.php(229): CodeIgniter\View\View->CodeIgniter\View\{closure}()
 4 SYSTEMPATH\Common.php(1188): CodeIgniter\View\View->render('view', [], true)
 5 APPPATH\Controllers\MainController.php(40): view('view', [...])
 6 SYSTEMPATH\CodeIgniter.php(919): App\Controllers\MainController->view()
 7 SYSTEMPATH\CodeIgniter.php(494): CodeIgniter\CodeIgniter->runController(Object(App\Controllers\MainController))
 8 SYSTEMPATH\CodeIgniter.php(353): CodeIgniter\CodeIgniter->handleRequest(null, Object(Config\Cache), false)
 9 FCPATH\index.php(79): CodeIgniter\CodeIgniter->run()
10 SYSTEMPATH\Commands\Server\rewrite.php(47): require_once('C:\\laragon\\www\\music\\public\\index.php')
CRITICAL - 2023-09-27 01:41:52 --> Undefined variable $song
in APPPATH\Views\view.php on line 160.
 1 APPPATH\Views\view.php(160): CodeIgniter\Debug\Exceptions->errorHandler(2, 'Undefined variable $song', 'C:\\laragon\\www\\music\\app\\Views\\view.php', 160)
 2 SYSTEMPATH\View\View.php(226): include('C:\\laragon\\www\\music\\app\\Views\\view.php')
 3 SYSTEMPATH\View\View.php(229): CodeIgniter\View\View->CodeIgniter\View\{closure}()
 4 SYSTEMPATH\Common.php(1188): CodeIgniter\View\View->render('view', [], true)
 5 APPPATH\Controllers\MainController.php(40): view('view', [...])
 6 SYSTEMPATH\CodeIgniter.php(919): App\Controllers\MainController->view()
 7 SYSTEMPATH\CodeIgniter.php(494): CodeIgniter\CodeIgniter->runController(Object(App\Controllers\MainController))
 8 SYSTEMPATH\CodeIgniter.php(353): CodeIgniter\CodeIgniter->handleRequest(null, Object(Config\Cache), false)
 9 FCPATH\index.php(79): CodeIgniter\CodeIgniter->run()
10 SYSTEMPATH\Commands\Server\rewrite.php(47): require_once('C:\\laragon\\www\\music\\public\\index.php')
CRITICAL - 2023-09-27 01:44:01 --> Undefined variable $MainModel
in APPPATH\Views\view.php on line 160.
 1 APPPATH\Views\view.php(160): CodeIgniter\Debug\Exceptions->errorHandler(2, 'Undefined variable $MainModel', 'C:\\laragon\\www\\music\\app\\Views\\view.php', 160)
 2 SYSTEMPATH\View\View.php(226): include('C:\\laragon\\www\\music\\app\\Views\\view.php')
 3 SYSTEMPATH\View\View.php(229): CodeIgniter\View\View->CodeIgniter\View\{closure}()
 4 SYSTEMPATH\Common.php(1188): CodeIgniter\View\View->render('view', [], true)
 5 APPPATH\Controllers\MainController.php(40): view('view', [...])
 6 SYSTEMPATH\CodeIgniter.php(919): App\Controllers\MainController->view()
 7 SYSTEMPATH\CodeIgniter.php(494): CodeIgniter\CodeIgniter->runController(Object(App\Controllers\MainController))
 8 SYSTEMPATH\CodeIgniter.php(353): CodeIgniter\CodeIgniter->handleRequest(null, Object(Config\Cache), false)
 9 FCPATH\index.php(79): CodeIgniter\CodeIgniter->run()
10 SYSTEMPATH\Commands\Server\rewrite.php(47): require_once('C:\\laragon\\www\\music\\public\\index.php')
CRITICAL - 2023-09-27 01:45:02 --> Undefined variable $music
in APPPATH\Views\view.php on line 160.
 1 APPPATH\Views\view.php(160): CodeIgniter\Debug\Exceptions->errorHandler(2, 'Undefined variable $music', 'C:\\laragon\\www\\music\\app\\Views\\view.php', 160)
 2 SYSTEMPATH\View\View.php(226): include('C:\\laragon\\www\\music\\app\\Views\\view.php')
 3 SYSTEMPATH\View\View.php(229): CodeIgniter\View\View->CodeIgniter\View\{closure}()
 4 SYSTEMPATH\Common.php(1188): CodeIgniter\View\View->render('view', [], true)
 5 APPPATH\Controllers\MainController.php(40): view('view', [...])
 6 SYSTEMPATH\CodeIgniter.php(919): App\Controllers\MainController->view()
 7 SYSTEMPATH\CodeIgniter.php(494): CodeIgniter\CodeIgniter->runController(Object(App\Controllers\MainController))
 8 SYSTEMPATH\CodeIgniter.php(353): CodeIgniter\CodeIgniter->handleRequest(null, Object(Config\Cache), false)
 9 FCPATH\index.php(79): CodeIgniter\CodeIgniter->run()
10 SYSTEMPATH\Commands\Server\rewrite.php(47): require_once('C:\\laragon\\www\\music\\public\\index.php')
CRITICAL - 2023-09-27 01:48:12 --> Undefined variable $playlists
in APPPATH\Views\view.php on line 101.
 1 APPPATH\Views\view.php(101): CodeIgniter\Debug\Exceptions->errorHandler(2, 'Undefined variable $playlists', 'C:\\laragon\\www\\music\\app\\Views\\view.php', 101)
 2 SYSTEMPATH\View\View.php(226): include('C:\\laragon\\www\\music\\app\\Views\\view.php')
 3 SYSTEMPATH\View\View.php(229): CodeIgniter\View\View->CodeIgniter\View\{closure}()
 4 SYSTEMPATH\Common.php(1188): CodeIgniter\View\View->render('view', [], true)
 5 APPPATH\Controllers\MainController.php(29): view('view', [...])
 6 SYSTEMPATH\CodeIgniter.php(919): App\Controllers\MainController->view()
 7 SYSTEMPATH\CodeIgniter.php(494): CodeIgniter\CodeIgniter->runController(Object(App\Controllers\MainController))
 8 SYSTEMPATH\CodeIgniter.php(353): CodeIgniter\CodeIgniter->handleRequest(null, Object(Config\Cache), false)
 9 FCPATH\index.php(79): CodeIgniter\CodeIgniter->run()
10 SYSTEMPATH\Commands\Server\rewrite.php(47): require_once('C:\\laragon\\www\\music\\public\\index.php')
CRITICAL - 2023-09-27 03:09:35 --> Undefined variable $playlists
in APPPATH\Views\view.php on line 101.
 1 APPPATH\Views\view.php(101): CodeIgniter\Debug\Exceptions->errorHandler(2, 'Undefined variable $playlists', 'C:\\laragon\\www\\music\\app\\Views\\view.php', 101)
 2 SYSTEMPATH\View\View.php(226): include('C:\\laragon\\www\\music\\app\\Views\\view.php')
 3 SYSTEMPATH\View\View.php(229): CodeIgniter\View\View->CodeIgniter\View\{closure}()
 4 SYSTEMPATH\Common.php(1188): CodeIgniter\View\View->render('view', [], true)
 5 APPPATH\Controllers\MainController.php(29): view('view', [...])
 6 SYSTEMPATH\CodeIgniter.php(919): App\Controllers\MainController->view()
 7 SYSTEMPATH\CodeIgniter.php(494): CodeIgniter\CodeIgniter->runController(Object(App\Controllers\MainController))
 8 SYSTEMPATH\CodeIgniter.php(353): CodeIgniter\CodeIgniter->handleRequest(null, Object(Config\Cache), false)
 9 FCPATH\index.php(79): CodeIgniter\CodeIgniter->run()
10 SYSTEMPATH\Commands\Server\rewrite.php(47): require_once('C:\\laragon\\www\\music\\public\\index.php')
CRITICAL - 2023-09-27 03:10:15 --> Undefined variable $MainModel1
in APPPATH\Views\view.php on line 101.
 1 APPPATH\Views\view.php(101): CodeIgniter\Debug\Exceptions->errorHandler(2, 'Undefined variable $MainModel1', 'C:\\laragon\\www\\music\\app\\Views\\view.php', 101)
 2 SYSTEMPATH\View\View.php(226): include('C:\\laragon\\www\\music\\app\\Views\\view.php')
 3 SYSTEMPATH\View\View.php(229): CodeIgniter\View\View->CodeIgniter\View\{closure}()
 4 SYSTEMPATH\Common.php(1188): CodeIgniter\View\View->render('view', [], true)
 5 APPPATH\Controllers\MainController.php(29): view('view', [...])
 6 SYSTEMPATH\CodeIgniter.php(919): App\Controllers\MainController->view()
 7 SYSTEMPATH\CodeIgniter.php(494): CodeIgniter\CodeIgniter->runController(Object(App\Controllers\MainController))
 8 SYSTEMPATH\CodeIgniter.php(353): CodeIgniter\CodeIgniter->handleRequest(null, Object(Config\Cache), false)
 9 FCPATH\index.php(79): CodeIgniter\CodeIgniter->run()
10 SYSTEMPATH\Commands\Server\rewrite.php(47): require_once('C:\\laragon\\www\\music\\public\\index.php')
