CRITICAL - 2023-10-06 14:12:48 --> Class "App\Models\MainModel1" not found
in APPPATH\Controllers\MainController.php on line 22.
 1 SYSTEMPATH\CodeIgniter.php(891): App\Controllers\MainController->__construct()
 2 SYSTEMPATH\CodeIgniter.php(485): CodeIgniter\CodeIgniter->createController()
 3 SYSTEMPATH\CodeIgniter.php(353): CodeIgniter\CodeIgniter->handleRequest(null, Object(Config\Cache), false)
 4 FCPATH\index.php(79): CodeIgniter\CodeIgniter->run()
 5 SYSTEMPATH\Commands\Server\rewrite.php(47): require_once('C:\\Users\\its_eynjeeeeel\\Desktop\\PEREZ_APPDEV_LAB2\\public\\index.php')
CRITICAL - 2023-10-06 14:14:00 --> Class "App\Models\MainModelPM" not found
in APPPATH\Controllers\MainController.php on line 23.
 1 SYSTEMPATH\CodeIgniter.php(891): App\Controllers\MainController->__construct()
 2 SYSTEMPATH\CodeIgniter.php(485): CodeIgniter\CodeIgniter->createController()
 3 SYSTEMPATH\CodeIgniter.php(353): CodeIgniter\CodeIgniter->handleRequest(null, Object(Config\Cache), false)
 4 FCPATH\index.php(79): CodeIgniter\CodeIgniter->run()
 5 SYSTEMPATH\Commands\Server\rewrite.php(47): require_once('C:\\Users\\its_eynjeeeeel\\Desktop\\PEREZ_APPDEV_LAB2\\public\\index.php')
CRITICAL - 2023-10-06 14:14:07 --> Class "App\Models\MainModel1" not found
in APPPATH\Controllers\MainController.php on line 22.
 1 SYSTEMPATH\CodeIgniter.php(891): App\Controllers\MainController->__construct()
 2 SYSTEMPATH\CodeIgniter.php(485): CodeIgniter\CodeIgniter->createController()
 3 SYSTEMPATH\CodeIgniter.php(353): CodeIgniter\CodeIgniter->handleRequest(null, Object(Config\Cache), false)
 4 FCPATH\index.php(79): CodeIgniter\CodeIgniter->run()
 5 SYSTEMPATH\Commands\Server\rewrite.php(47): require_once('C:\\Users\\its_eynjeeeeel\\Desktop\\PEREZ_APPDEV_LAB2\\public\\index.php')
CRITICAL - 2023-10-06 14:17:02 --> Class "App\Models\MainModelPM" not found
in APPPATH\Controllers\MainController.php on line 22.
 1 SYSTEMPATH\CodeIgniter.php(891): App\Controllers\MainController->__construct()
 2 SYSTEMPATH\CodeIgniter.php(485): CodeIgniter\CodeIgniter->createController()
 3 SYSTEMPATH\CodeIgniter.php(353): CodeIgniter\CodeIgniter->handleRequest(null, Object(Config\Cache), false)
 4 FCPATH\index.php(79): CodeIgniter\CodeIgniter->run()
 5 SYSTEMPATH\Commands\Server\rewrite.php(47): require_once('C:\\Users\\its_eynjeeeeel\\Desktop\\PEREZ_APPDEV_LAB2\\public\\index.php')
CRITICAL - 2023-10-06 14:21:22 --> Undefined variable $playlistmusicsong
in FCPATH\include\modals.php on line 12.
 1 FCPATH\include\modals.php(12): CodeIgniter\Debug\Exceptions->errorHandler(2, 'Undefined variable $playlistmusicsong', 'C:\\Users\\its_eynjeeeeel\\Desktop\\PEREZ_APPDEV_LAB2\\public\\include\\modals.php', 12)
 2 APPPATH\Views\view.php(8): include('C:\\Users\\its_eynjeeeeel\\Desktop\\PEREZ_APPDEV_LAB2\\public\\include\\modals.php')
 3 SYSTEMPATH\View\View.php(226): include('C:\\Users\\its_eynjeeeeel\\Desktop\\PEREZ_APPDEV_LAB2\\app\\Views\\view.php')
 4 SYSTEMPATH\View\View.php(229): CodeIgniter\View\View->CodeIgniter\View\{closure}()
 5 SYSTEMPATH\Common.php(1188): CodeIgniter\View\View->render('view', [], true)
 6 APPPATH\Controllers\MainController.php(36): view('view', [...])
 7 SYSTEMPATH\CodeIgniter.php(919): App\Controllers\MainController->view()
 8 SYSTEMPATH\CodeIgniter.php(494): CodeIgniter\CodeIgniter->runController(Object(App\Controllers\MainController))
 9 SYSTEMPATH\CodeIgniter.php(353): CodeIgniter\CodeIgniter->handleRequest(null, Object(Config\Cache), false)
10 FCPATH\index.php(79): CodeIgniter\CodeIgniter->run()
11 SYSTEMPATH\Commands\Server\rewrite.php(47): require_once('C:\\Users\\its_eynjeeeeel\\Desktop\\PEREZ_APPDEV_LAB2\\public\\index.php')
CRITICAL - 2023-10-06 14:22:27 --> Undefined variable $playlistmusictracker
in FCPATH\include\modals.php on line 12.
 1 FCPATH\include\modals.php(12): CodeIgniter\Debug\Exceptions->errorHandler(2, 'Undefined variable $playlistmusictracker', 'C:\\Users\\its_eynjeeeeel\\Desktop\\PEREZ_APPDEV_LAB2\\public\\include\\modals.php', 12)
 2 APPPATH\Views\view.php(8): include('C:\\Users\\its_eynjeeeeel\\Desktop\\PEREZ_APPDEV_LAB2\\public\\include\\modals.php')
 3 SYSTEMPATH\View\View.php(226): include('C:\\Users\\its_eynjeeeeel\\Desktop\\PEREZ_APPDEV_LAB2\\app\\Views\\view.php')
 4 SYSTEMPATH\View\View.php(229): CodeIgniter\View\View->CodeIgniter\View\{closure}()
 5 SYSTEMPATH\Common.php(1188): CodeIgniter\View\View->render('view', [], true)
 6 APPPATH\Controllers\MainController.php(36): view('view', [...])
 7 SYSTEMPATH\CodeIgniter.php(919): App\Controllers\MainController->view()
 8 SYSTEMPATH\CodeIgniter.php(494): CodeIgniter\CodeIgniter->runController(Object(App\Controllers\MainController))
 9 SYSTEMPATH\CodeIgniter.php(353): CodeIgniter\CodeIgniter->handleRequest(null, Object(Config\Cache), false)
10 FCPATH\index.php(79): CodeIgniter\CodeIgniter->run()
11 SYSTEMPATH\Commands\Server\rewrite.php(47): require_once('C:\\Users\\its_eynjeeeeel\\Desktop\\PEREZ_APPDEV_LAB2\\public\\index.php')
