ERROR - 2023-09-25 08:40:27 --> mysqli_sql_exception: Table 'musics.playlist' doesn't exist in C:\laragon\www\music\system\Database\MySQLi\Connection.php:306
Stack trace:
#0 C:\laragon\www\music\system\Database\MySQLi\Connection.php(306): mysqli->query('INSERT INTO `pl...', 0)
#1 C:\laragon\www\music\system\Database\BaseConnection.php(692): CodeIgniter\Database\MySQLi\Connection->execute('INSERT INTO `pl...')
#2 C:\laragon\www\music\system\Database\BaseConnection.php(606): CodeIgniter\Database\BaseConnection->simpleQuery('INSERT INTO `pl...')
#3 C:\laragon\www\music\system\Database\BaseBuilder.php(2308): CodeIgniter\Database\BaseConnection->query('INSERT INTO `pl...', Array, false)
#4 C:\laragon\www\music\system\Model.php(319): CodeIgniter\Database\BaseBuilder->insert()
#5 C:\laragon\www\music\system\BaseModel.php(788): CodeIgniter\Model->doInsert(Array)
#6 C:\laragon\www\music\system\Model.php(715): CodeIgniter\BaseModel->insert(Array, false)
#7 C:\laragon\www\music\system\BaseModel.php(698): CodeIgniter\Model->insert(Array, false)
#8 C:\laragon\www\music\app\Controllers\MainController.php(33): CodeIgniter\BaseModel->save(Array)
#9 C:\laragon\www\music\system\CodeIgniter.php(919): App\Controllers\MainController->createPlaylist()
#10 C:\laragon\www\music\system\CodeIgniter.php(494): CodeIgniter\CodeIgniter->runController(Object(App\Controllers\MainController))
#11 C:\laragon\www\music\system\CodeIgniter.php(353): CodeIgniter\CodeIgniter->handleRequest(NULL, Object(Config\Cache), false)
#12 C:\laragon\www\music\public\index.php(79): CodeIgniter\CodeIgniter->run()
#13 C:\laragon\www\music\system\Commands\Server\rewrite.php(47): require_once('C:\\laragon\\www\\...')
#14 {main}
CRITICAL - 2023-09-25 08:40:27 --> Table 'musics.playlist' doesn't exist
in SYSTEMPATH\Database\BaseConnection.php on line 646.
 1 SYSTEMPATH\Database\BaseBuilder.php(2308): CodeIgniter\Database\BaseConnection->query('INSERT INTO `playlist` (`name`) VALUES (:name:)', [...], false)
 2 SYSTEMPATH\Model.php(319): CodeIgniter\Database\BaseBuilder->insert()
 3 SYSTEMPATH\BaseModel.php(788): CodeIgniter\Model->doInsert([...])
 4 SYSTEMPATH\Model.php(715): CodeIgniter\BaseModel->insert([...], false)
 5 SYSTEMPATH\BaseModel.php(698): CodeIgniter\Model->insert([...], false)
 6 APPPATH\Controllers\MainController.php(33): CodeIgniter\BaseModel->save([...])
 7 SYSTEMPATH\CodeIgniter.php(919): App\Controllers\MainController->createPlaylist()
 8 SYSTEMPATH\CodeIgniter.php(494): CodeIgniter\CodeIgniter->runController(Object(App\Controllers\MainController))
 9 SYSTEMPATH\CodeIgniter.php(353): CodeIgniter\CodeIgniter->handleRequest(null, Object(Config\Cache), false)
10 FCPATH\index.php(79): CodeIgniter\CodeIgniter->run()
11 SYSTEMPATH\Commands\Server\rewrite.php(47): require_once('C:\\laragon\\www\\music\\public\\index.php')
ERROR - 2023-09-25 08:41:30 --> mysqli_sql_exception: Table 'musics.playlist' doesn't exist in C:\laragon\www\music\system\Database\MySQLi\Connection.php:306
Stack trace:
#0 C:\laragon\www\music\system\Database\MySQLi\Connection.php(306): mysqli->query('INSERT INTO `pl...', 0)
#1 C:\laragon\www\music\system\Database\BaseConnection.php(692): CodeIgniter\Database\MySQLi\Connection->execute('INSERT INTO `pl...')
#2 C:\laragon\www\music\system\Database\BaseConnection.php(606): CodeIgniter\Database\BaseConnection->simpleQuery('INSERT INTO `pl...')
#3 C:\laragon\www\music\system\Database\BaseBuilder.php(2308): CodeIgniter\Database\BaseConnection->query('INSERT INTO `pl...', Array, false)
#4 C:\laragon\www\music\system\Model.php(319): CodeIgniter\Database\BaseBuilder->insert()
#5 C:\laragon\www\music\system\BaseModel.php(788): CodeIgniter\Model->doInsert(Array)
#6 C:\laragon\www\music\system\Model.php(715): CodeIgniter\BaseModel->insert(Array, false)
#7 C:\laragon\www\music\system\BaseModel.php(698): CodeIgniter\Model->insert(Array, false)
#8 C:\laragon\www\music\app\Controllers\MainController.php(33): CodeIgniter\BaseModel->save(Array)
#9 C:\laragon\www\music\system\CodeIgniter.php(919): App\Controllers\MainController->createPlaylist()
#10 C:\laragon\www\music\system\CodeIgniter.php(494): CodeIgniter\CodeIgniter->runController(Object(App\Controllers\MainController))
#11 C:\laragon\www\music\system\CodeIgniter.php(353): CodeIgniter\CodeIgniter->handleRequest(NULL, Object(Config\Cache), false)
#12 C:\laragon\www\music\public\index.php(79): CodeIgniter\CodeIgniter->run()
#13 C:\laragon\www\music\system\Commands\Server\rewrite.php(47): require_once('C:\\laragon\\www\\...')
#14 {main}
CRITICAL - 2023-09-25 08:41:30 --> Table 'musics.playlist' doesn't exist
in SYSTEMPATH\Database\BaseConnection.php on line 646.
 1 SYSTEMPATH\Database\BaseBuilder.php(2308): CodeIgniter\Database\BaseConnection->query('INSERT INTO `playlist` (`name`) VALUES (:name:)', [...], false)
 2 SYSTEMPATH\Model.php(319): CodeIgniter\Database\BaseBuilder->insert()
 3 SYSTEMPATH\BaseModel.php(788): CodeIgniter\Model->doInsert([...])
 4 SYSTEMPATH\Model.php(715): CodeIgniter\BaseModel->insert([...], false)
 5 SYSTEMPATH\BaseModel.php(698): CodeIgniter\Model->insert([...], false)
 6 APPPATH\Controllers\MainController.php(33): CodeIgniter\BaseModel->save([...])
 7 SYSTEMPATH\CodeIgniter.php(919): App\Controllers\MainController->createPlaylist()
 8 SYSTEMPATH\CodeIgniter.php(494): CodeIgniter\CodeIgniter->runController(Object(App\Controllers\MainController))
 9 SYSTEMPATH\CodeIgniter.php(353): CodeIgniter\CodeIgniter->handleRequest(null, Object(Config\Cache), false)
10 FCPATH\index.php(79): CodeIgniter\CodeIgniter->run()
11 SYSTEMPATH\Commands\Server\rewrite.php(47): require_once('C:\\laragon\\www\\music\\public\\index.php')
ERROR - 2023-09-25 08:43:06 --> mysqli_sql_exception: Table 'musics.playlist' doesn't exist in C:\laragon\www\music\system\Database\MySQLi\Connection.php:306
Stack trace:
#0 C:\laragon\www\music\system\Database\MySQLi\Connection.php(306): mysqli->query('INSERT INTO `pl...', 0)
#1 C:\laragon\www\music\system\Database\BaseConnection.php(692): CodeIgniter\Database\MySQLi\Connection->execute('INSERT INTO `pl...')
#2 C:\laragon\www\music\system\Database\BaseConnection.php(606): CodeIgniter\Database\BaseConnection->simpleQuery('INSERT INTO `pl...')
#3 C:\laragon\www\music\system\Database\BaseBuilder.php(2308): CodeIgniter\Database\BaseConnection->query('INSERT INTO `pl...', Array, false)
#4 C:\laragon\www\music\system\Model.php(319): CodeIgniter\Database\BaseBuilder->insert()
#5 C:\laragon\www\music\system\BaseModel.php(788): CodeIgniter\Model->doInsert(Array)
#6 C:\laragon\www\music\system\Model.php(715): CodeIgniter\BaseModel->insert(Array, false)
#7 C:\laragon\www\music\system\BaseModel.php(698): CodeIgniter\Model->insert(Array, false)
#8 C:\laragon\www\music\app\Controllers\MainController.php(33): CodeIgniter\BaseModel->save(Array)
#9 C:\laragon\www\music\system\CodeIgniter.php(919): App\Controllers\MainController->createPlaylist()
#10 C:\laragon\www\music\system\CodeIgniter.php(494): CodeIgniter\CodeIgniter->runController(Object(App\Controllers\MainController))
#11 C:\laragon\www\music\system\CodeIgniter.php(353): CodeIgniter\CodeIgniter->handleRequest(NULL, Object(Config\Cache), false)
#12 C:\laragon\www\music\public\index.php(79): CodeIgniter\CodeIgniter->run()
#13 C:\laragon\www\music\system\Commands\Server\rewrite.php(47): require_once('C:\\laragon\\www\\...')
#14 {main}
CRITICAL - 2023-09-25 08:43:06 --> Table 'musics.playlist' doesn't exist
in SYSTEMPATH\Database\BaseConnection.php on line 646.
 1 SYSTEMPATH\Database\BaseBuilder.php(2308): CodeIgniter\Database\BaseConnection->query('INSERT INTO `playlist` (`name`) VALUES (:name:)', [...], false)
 2 SYSTEMPATH\Model.php(319): CodeIgniter\Database\BaseBuilder->insert()
 3 SYSTEMPATH\BaseModel.php(788): CodeIgniter\Model->doInsert([...])
 4 SYSTEMPATH\Model.php(715): CodeIgniter\BaseModel->insert([...], false)
 5 SYSTEMPATH\BaseModel.php(698): CodeIgniter\Model->insert([...], false)
 6 APPPATH\Controllers\MainController.php(33): CodeIgniter\BaseModel->save([...])
 7 SYSTEMPATH\CodeIgniter.php(919): App\Controllers\MainController->createPlaylist()
 8 SYSTEMPATH\CodeIgniter.php(494): CodeIgniter\CodeIgniter->runController(Object(App\Controllers\MainController))
 9 SYSTEMPATH\CodeIgniter.php(353): CodeIgniter\CodeIgniter->handleRequest(null, Object(Config\Cache), false)
10 FCPATH\index.php(79): CodeIgniter\CodeIgniter->run()
11 SYSTEMPATH\Commands\Server\rewrite.php(47): require_once('C:\\laragon\\www\\music\\public\\index.php')
CRITICAL - 2023-09-25 10:43:36 --> Undefined variable $playlist
in APPPATH\Views\view.php on line 95.
 1 APPPATH\Views\view.php(95): CodeIgniter\Debug\Exceptions->errorHandler(2, 'Undefined variable $playlist', 'C:\\laragon\\www\\music\\app\\Views\\view.php', 95)
 2 SYSTEMPATH\View\View.php(226): include('C:\\laragon\\www\\music\\app\\Views\\view.php')
 3 SYSTEMPATH\View\View.php(229): CodeIgniter\View\View->CodeIgniter\View\{closure}()
 4 SYSTEMPATH\Common.php(1188): CodeIgniter\View\View->render('view', [], true)
 5 APPPATH\Controllers\MainController.php(12): view('view')
 6 SYSTEMPATH\CodeIgniter.php(919): App\Controllers\MainController->view()
 7 SYSTEMPATH\CodeIgniter.php(494): CodeIgniter\CodeIgniter->runController(Object(App\Controllers\MainController))
 8 SYSTEMPATH\CodeIgniter.php(353): CodeIgniter\CodeIgniter->handleRequest(null, Object(Config\Cache), false)
 9 FCPATH\index.php(79): CodeIgniter\CodeIgniter->run()
10 SYSTEMPATH\Commands\Server\rewrite.php(47): require_once('C:\\laragon\\www\\music\\public\\index.php')
CRITICAL - 2023-09-25 10:43:58 --> Undefined variable $playlists
in APPPATH\Views\view.php on line 95.
 1 APPPATH\Views\view.php(95): CodeIgniter\Debug\Exceptions->errorHandler(2, 'Undefined variable $playlists', 'C:\\laragon\\www\\music\\app\\Views\\view.php', 95)
 2 SYSTEMPATH\View\View.php(226): include('C:\\laragon\\www\\music\\app\\Views\\view.php')
 3 SYSTEMPATH\View\View.php(229): CodeIgniter\View\View->CodeIgniter\View\{closure}()
 4 SYSTEMPATH\Common.php(1188): CodeIgniter\View\View->render('view', [], true)
 5 APPPATH\Controllers\MainController.php(12): view('view')
 6 SYSTEMPATH\CodeIgniter.php(919): App\Controllers\MainController->view()
 7 SYSTEMPATH\CodeIgniter.php(494): CodeIgniter\CodeIgniter->runController(Object(App\Controllers\MainController))
 8 SYSTEMPATH\CodeIgniter.php(353): CodeIgniter\CodeIgniter->handleRequest(null, Object(Config\Cache), false)
 9 FCPATH\index.php(79): CodeIgniter\CodeIgniter->run()
10 SYSTEMPATH\Commands\Server\rewrite.php(47): require_once('C:\\laragon\\www\\music\\public\\index.php')
CRITICAL - 2023-09-25 10:54:16 --> Undefined variable $playlists
in APPPATH\Views\view.php on line 95.
 1 APPPATH\Views\view.php(95): CodeIgniter\Debug\Exceptions->errorHandler(2, 'Undefined variable $playlists', 'C:\\laragon\\www\\music\\app\\Views\\view.php', 95)
 2 SYSTEMPATH\View\View.php(226): include('C:\\laragon\\www\\music\\app\\Views\\view.php')
 3 SYSTEMPATH\View\View.php(229): CodeIgniter\View\View->CodeIgniter\View\{closure}()
 4 SYSTEMPATH\Common.php(1188): CodeIgniter\View\View->render('view', [], true)
 5 APPPATH\Controllers\MainController.php(12): view('view')
 6 SYSTEMPATH\CodeIgniter.php(919): App\Controllers\MainController->view()
 7 SYSTEMPATH\CodeIgniter.php(494): CodeIgniter\CodeIgniter->runController(Object(App\Controllers\MainController))
 8 SYSTEMPATH\CodeIgniter.php(353): CodeIgniter\CodeIgniter->handleRequest(null, Object(Config\Cache), false)
 9 FCPATH\index.php(79): CodeIgniter\CodeIgniter->run()
10 SYSTEMPATH\Commands\Server\rewrite.php(47): require_once('C:\\laragon\\www\\music\\public\\index.php')
CRITICAL - 2023-09-25 10:55:19 --> Undefined variable $playlists
in APPPATH\Views\view.php on line 95.
 1 APPPATH\Views\view.php(95): CodeIgniter\Debug\Exceptions->errorHandler(2, 'Undefined variable $playlists', 'C:\\laragon\\www\\music\\app\\Views\\view.php', 95)
 2 SYSTEMPATH\View\View.php(226): include('C:\\laragon\\www\\music\\app\\Views\\view.php')
 3 SYSTEMPATH\View\View.php(229): CodeIgniter\View\View->CodeIgniter\View\{closure}()
 4 SYSTEMPATH\Common.php(1188): CodeIgniter\View\View->render('view', [], true)
 5 APPPATH\Controllers\MainController.php(12): view('view')
 6 SYSTEMPATH\CodeIgniter.php(919): App\Controllers\MainController->view()
 7 SYSTEMPATH\CodeIgniter.php(494): CodeIgniter\CodeIgniter->runController(Object(App\Controllers\MainController))
 8 SYSTEMPATH\CodeIgniter.php(353): CodeIgniter\CodeIgniter->handleRequest(null, Object(Config\Cache), false)
 9 FCPATH\index.php(79): CodeIgniter\CodeIgniter->run()
10 SYSTEMPATH\Commands\Server\rewrite.php(47): require_once('C:\\laragon\\www\\music\\public\\index.php')
CRITICAL - 2023-09-25 10:55:37 --> Undefined variable $playlists
in APPPATH\Views\view.php on line 95.
 1 APPPATH\Views\view.php(95): CodeIgniter\Debug\Exceptions->errorHandler(2, 'Undefined variable $playlists', 'C:\\laragon\\www\\music\\app\\Views\\view.php', 95)
 2 SYSTEMPATH\View\View.php(226): include('C:\\laragon\\www\\music\\app\\Views\\view.php')
 3 SYSTEMPATH\View\View.php(229): CodeIgniter\View\View->CodeIgniter\View\{closure}()
 4 SYSTEMPATH\Common.php(1188): CodeIgniter\View\View->render('view', [], true)
 5 APPPATH\Controllers\MainController.php(12): view('view')
 6 SYSTEMPATH\CodeIgniter.php(919): App\Controllers\MainController->view()
 7 SYSTEMPATH\CodeIgniter.php(494): CodeIgniter\CodeIgniter->runController(Object(App\Controllers\MainController))
 8 SYSTEMPATH\CodeIgniter.php(353): CodeIgniter\CodeIgniter->handleRequest(null, Object(Config\Cache), false)
 9 FCPATH\index.php(79): CodeIgniter\CodeIgniter->run()
10 SYSTEMPATH\Commands\Server\rewrite.php(47): require_once('C:\\laragon\\www\\music\\public\\index.php')
CRITICAL - 2023-09-25 10:57:13 --> Undefined variable $data
in APPPATH\Controllers\MainController.php on line 12.
 1 APPPATH\Controllers\MainController.php(12): CodeIgniter\Debug\Exceptions->errorHandler(2, 'Undefined variable $data', 'C:\\laragon\\www\\music\\app\\Controllers\\MainController.php', 12)
 2 SYSTEMPATH\CodeIgniter.php(919): App\Controllers\MainController->view()
 3 SYSTEMPATH\CodeIgniter.php(494): CodeIgniter\CodeIgniter->runController(Object(App\Controllers\MainController))
 4 SYSTEMPATH\CodeIgniter.php(353): CodeIgniter\CodeIgniter->handleRequest(null, Object(Config\Cache), false)
 5 FCPATH\index.php(79): CodeIgniter\CodeIgniter->run()
 6 SYSTEMPATH\Commands\Server\rewrite.php(47): require_once('C:\\laragon\\www\\music\\public\\index.php')
CRITICAL - 2023-09-25 10:58:27 --> Undefined variable $data
in APPPATH\Controllers\MainController.php on line 12.
 1 APPPATH\Controllers\MainController.php(12): CodeIgniter\Debug\Exceptions->errorHandler(2, 'Undefined variable $data', 'C:\\laragon\\www\\music\\app\\Controllers\\MainController.php', 12)
 2 SYSTEMPATH\CodeIgniter.php(919): App\Controllers\MainController->view()
 3 SYSTEMPATH\CodeIgniter.php(494): CodeIgniter\CodeIgniter->runController(Object(App\Controllers\MainController))
 4 SYSTEMPATH\CodeIgniter.php(353): CodeIgniter\CodeIgniter->handleRequest(null, Object(Config\Cache), false)
 5 FCPATH\index.php(79): CodeIgniter\CodeIgniter->run()
 6 SYSTEMPATH\Commands\Server\rewrite.php(47): require_once('C:\\laragon\\www\\music\\public\\index.php')
CRITICAL - 2023-09-25 10:58:47 --> Too few arguments to function App\Controllers\MainController::view(), 0 passed in C:\laragon\www\music\system\CodeIgniter.php on line 919 and exactly 1 expected
in APPPATH\Controllers\MainController.php on line 11.
 1 SYSTEMPATH\CodeIgniter.php(919): App\Controllers\MainController->view()
 2 SYSTEMPATH\CodeIgniter.php(494): CodeIgniter\CodeIgniter->runController(Object(App\Controllers\MainController))
 3 SYSTEMPATH\CodeIgniter.php(353): CodeIgniter\CodeIgniter->handleRequest(null, Object(Config\Cache), false)
 4 FCPATH\index.php(79): CodeIgniter\CodeIgniter->run()
 5 SYSTEMPATH\Commands\Server\rewrite.php(47): require_once('C:\\laragon\\www\\music\\public\\index.php')
CRITICAL - 2023-09-25 10:59:37 --> Undefined variable $data
in APPPATH\Controllers\MainController.php on line 12.
 1 APPPATH\Controllers\MainController.php(12): CodeIgniter\Debug\Exceptions->errorHandler(2, 'Undefined variable $data', 'C:\\laragon\\www\\music\\app\\Controllers\\MainController.php', 12)
 2 SYSTEMPATH\CodeIgniter.php(919): App\Controllers\MainController->view()
 3 SYSTEMPATH\CodeIgniter.php(494): CodeIgniter\CodeIgniter->runController(Object(App\Controllers\MainController))
 4 SYSTEMPATH\CodeIgniter.php(353): CodeIgniter\CodeIgniter->handleRequest(null, Object(Config\Cache), false)
 5 FCPATH\index.php(79): CodeIgniter\CodeIgniter->run()
 6 SYSTEMPATH\Commands\Server\rewrite.php(47): require_once('C:\\laragon\\www\\music\\public\\index.php')
