CRITICAL - 2023-10-07 06:15:29 --> Undefined variable $playlistmusictracker
in FCPATH\include\modals.php on line 12.
 1 FCPATH\include\modals.php(12): CodeIgniter\Debug\Exceptions->errorHandler(2, 'Undefined variable $playlistmusictracker', 'C:\\Users\\its_eynjeeeeel\\Desktop\\PEREZ_APPDEV_LAB2\\public\\include\\modals.php', 12)
 2 APPPATH\Views\view.php(8): include('C:\\Users\\its_eynjeeeeel\\Desktop\\PEREZ_APPDEV_LAB2\\public\\include\\modals.php')
 3 SYSTEMPATH\View\View.php(226): include('C:\\Users\\its_eynjeeeeel\\Desktop\\PEREZ_APPDEV_LAB2\\app\\Views\\view.php')
 4 SYSTEMPATH\View\View.php(229): CodeIgniter\View\View->CodeIgniter\View\{closure}()
 5 SYSTEMPATH\Common.php(1188): CodeIgniter\View\View->render('view', [], true)
 6 APPPATH\Controllers\MainController.php(36): view('view', [...])
 7 SYSTEMPATH\CodeIgniter.php(919): App\Controllers\MainController->view()
 8 SYSTEMPATH\CodeIgniter.php(494): CodeIgniter\CodeIgniter->runController(Object(App\Controllers\MainController))
 9 SYSTEMPATH\CodeIgniter.php(353): CodeIgniter\CodeIgniter->handleRequest(null, Object(Config\Cache), false)
10 FCPATH\index.php(79): CodeIgniter\CodeIgniter->run()
11 SYSTEMPATH\Commands\Server\rewrite.php(47): require_once('C:\\Users\\its_eynjeeeeel\\Desktop\\PEREZ_APPDEV_LAB2\\public\\index.php')
CRITICAL - 2023-10-07 06:16:20 --> Undefined variable $playlist
in FCPATH\include\modals.php on line 12.
 1 FCPATH\include\modals.php(12): CodeIgniter\Debug\Exceptions->errorHandler(2, 'Undefined variable $playlist', 'C:\\Users\\its_eynjeeeeel\\Desktop\\PEREZ_APPDEV_LAB2\\public\\include\\modals.php', 12)
 2 APPPATH\Views\view.php(8): include('C:\\Users\\its_eynjeeeeel\\Desktop\\PEREZ_APPDEV_LAB2\\public\\include\\modals.php')
 3 SYSTEMPATH\View\View.php(226): include('C:\\Users\\its_eynjeeeeel\\Desktop\\PEREZ_APPDEV_LAB2\\app\\Views\\view.php')
 4 SYSTEMPATH\View\View.php(229): CodeIgniter\View\View->CodeIgniter\View\{closure}()
 5 SYSTEMPATH\Common.php(1188): CodeIgniter\View\View->render('view', [], true)
 6 APPPATH\Controllers\MainController.php(36): view('view', [...])
 7 SYSTEMPATH\CodeIgniter.php(919): App\Controllers\MainController->view()
 8 SYSTEMPATH\CodeIgniter.php(494): CodeIgniter\CodeIgniter->runController(Object(App\Controllers\MainController))
 9 SYSTEMPATH\CodeIgniter.php(353): CodeIgniter\CodeIgniter->handleRequest(null, Object(Config\Cache), false)
10 FCPATH\index.php(79): CodeIgniter\CodeIgniter->run()
11 SYSTEMPATH\Commands\Server\rewrite.php(47): require_once('C:\\Users\\its_eynjeeeeel\\Desktop\\PEREZ_APPDEV_LAB2\\public\\index.php')
CRITICAL - 2023-10-07 06:25:21 --> Undefined variable $playlistmusicsong
in FCPATH\include\addPlaylist.php on line 17.
 1 FCPATH\include\addPlaylist.php(17): CodeIgniter\Debug\Exceptions->errorHandler(2, 'Undefined variable $playlistmusicsong', 'C:\\Users\\its_eynjeeeeel\\Desktop\\PEREZ_APPDEV_LAB2\\public\\include\\addPlaylist.php', 17)
 2 APPPATH\Views\view.php(9): include('C:\\Users\\its_eynjeeeeel\\Desktop\\PEREZ_APPDEV_LAB2\\public\\include\\addPlaylist.php')
 3 SYSTEMPATH\View\View.php(226): include('C:\\Users\\its_eynjeeeeel\\Desktop\\PEREZ_APPDEV_LAB2\\app\\Views\\view.php')
 4 SYSTEMPATH\View\View.php(229): CodeIgniter\View\View->CodeIgniter\View\{closure}()
 5 SYSTEMPATH\Common.php(1188): CodeIgniter\View\View->render('view', [], true)
 6 APPPATH\Controllers\MainController.php(36): view('view', [...])
 7 SYSTEMPATH\CodeIgniter.php(919): App\Controllers\MainController->view()
 8 SYSTEMPATH\CodeIgniter.php(494): CodeIgniter\CodeIgniter->runController(Object(App\Controllers\MainController))
 9 SYSTEMPATH\CodeIgniter.php(353): CodeIgniter\CodeIgniter->handleRequest(null, Object(Config\Cache), false)
10 FCPATH\index.php(79): CodeIgniter\CodeIgniter->run()
11 SYSTEMPATH\Commands\Server\rewrite.php(47): require_once('C:\\Users\\its_eynjeeeeel\\Desktop\\PEREZ_APPDEV_LAB2\\public\\index.php')
CRITICAL - 2023-10-07 06:27:45 --> Undefined variable $spotifyplaylist
in FCPATH\include\modals.php on line 12.
 1 FCPATH\include\modals.php(12): CodeIgniter\Debug\Exceptions->errorHandler(2, 'Undefined variable $spotifyplaylist', 'C:\\Users\\its_eynjeeeeel\\Desktop\\PEREZ_APPDEV_LAB2\\public\\include\\modals.php', 12)
 2 APPPATH\Views\view.php(8): include('C:\\Users\\its_eynjeeeeel\\Desktop\\PEREZ_APPDEV_LAB2\\public\\include\\modals.php')
 3 SYSTEMPATH\View\View.php(226): include('C:\\Users\\its_eynjeeeeel\\Desktop\\PEREZ_APPDEV_LAB2\\app\\Views\\view.php')
 4 SYSTEMPATH\View\View.php(229): CodeIgniter\View\View->CodeIgniter\View\{closure}()
 5 SYSTEMPATH\Common.php(1188): CodeIgniter\View\View->render('view', [], true)
 6 APPPATH\Controllers\MainController.php(154): view('view', [...])
 7 SYSTEMPATH\CodeIgniter.php(919): App\Controllers\MainController->viewPlaylist('1')
 8 SYSTEMPATH\CodeIgniter.php(494): CodeIgniter\CodeIgniter->runController(Object(App\Controllers\MainController))
 9 SYSTEMPATH\CodeIgniter.php(353): CodeIgniter\CodeIgniter->handleRequest(null, Object(Config\Cache), false)
10 FCPATH\index.php(79): CodeIgniter\CodeIgniter->run()
11 SYSTEMPATH\Commands\Server\rewrite.php(47): require_once('C:\\Users\\its_eynjeeeeel\\Desktop\\PEREZ_APPDEV_LAB2\\public\\index.php')
